<?xml version="1.0" encoding="UTF-8"?>
<!-- Generated by org.testng.reporters.JUnitReportReporter -->
<testsuite hostname="lucifer-Lenovo-E41-15" failures="0" tests="4" name="test.CustomerManagementTest" time="20.275" errors="0" timestamp="2020-12-04T11:18:25 IST" skipped="0">
  <testcase classname="test.CustomerManagementTest" name="verifySearchCustomer_01" time="4.071"/>
  <system-out/>
  <testcase classname="test.CustomerManagementTest" name="verifySearchCustomer_02" time="3.946"/>
  <system-out/>
  <testcase classname="test.CustomerManagementTest" name="verifyViewCustomer" time="3.789"/>
  <system-out/>
  <testcase classname="test.CustomerManagementTest" name="verifyAddCustomer" time="8.469"/>
  <system-out/>
</testsuite> <!-- test.CustomerManagementTest -->
