<?xml version="1.0" encoding="UTF-8"?>
<!-- Generated by org.testng.reporters.JUnitReportReporter -->
<testsuite hostname="lucifer-Lenovo-E41-15" failures="0" tests="4" name="test.HomePageTest" time="1.103" errors="0" timestamp="2020-12-04T11:18:25 IST" skipped="0">
  <testcase classname="test.HomePageTest" name="verifyHeader" time="0.275"/>
  <system-out/>
  <testcase classname="test.HomePageTest" name="verifyTitle" time="0.019"/>
  <system-out/>
  <testcase classname="test.HomePageTest" name="checkFooter" time="0.592"/>
  <system-out/>
  <testcase classname="test.HomePageTest" name="checkLoginPresent" time="0.217"/>
  <system-out/>
</testsuite> <!-- test.HomePageTest -->
