<?xml version="1.0" encoding="UTF-8"?>
<!-- Generated by org.testng.reporters.JUnitReportReporter -->
<testsuite hostname="lucifer-Lenovo-E41-15" failures="0" tests="6" name="test.UserLogInTest" time="72.087" errors="0" timestamp="2020-12-04T11:18:25 IST" skipped="0">
  <testcase classname="test.UserLogInTest" name="LogInCheck_02" time="6.545"/>
  <system-out/>
  <testcase classname="test.UserLogInTest" name="LogInCheckFailed_03" time="5.336"/>
  <system-out/>
  <testcase classname="test.UserLogInTest" name="LogInCheck_01" time="6.649"/>
  <system-out/>
  <testcase classname="test.UserLogInTest" name="LogInCheck_03" time="32.908"/>
  <system-out/>
  <testcase classname="test.UserLogInTest" name="LogInCheckFailed_01" time="7.197"/>
  <system-out/>
  <testcase classname="test.UserLogInTest" name="LogInCheckFailed_02" time="13.452"/>
  <system-out/>
</testsuite> <!-- test.UserLogInTest -->
