<?xml version="1.0" encoding="UTF-8"?>
<!-- Generated by org.testng.reporters.JUnitReportReporter -->
<testsuite hostname="lucifer-Lenovo-E41-15" failures="0" tests="2" name="test.AdminProfileTest" time="12.953" errors="0" timestamp="2020-12-04T11:18:25 IST" skipped="0">
  <testcase classname="test.AdminProfileTest" name="changePasswordFailTest" time="5.322"/>
  <system-out/>
  <testcase classname="test.AdminProfileTest" name="changePasswordPassTest" time="7.631"/>
  <system-out/>
</testsuite> <!-- test.AdminProfileTest -->
