<?xml version="1.0" encoding="UTF-8"?>
<!-- Generated by org.testng.reporters.JUnitReportReporter -->
<testsuite hostname="lucifer-Lenovo-E41-15" failures="0" tests="3" name="test.CustomerProfileTest" time="26.360" errors="0" timestamp="2020-12-04T11:18:25 IST" skipped="0">
  <testcase classname="test.CustomerProfileTest" name="verifyPersonalDetails" time="6.211"/>
  <system-out/>
  <testcase classname="test.CustomerProfileTest" name="checkChangePasswordPass" time="12.791"/>
  <system-out/>
  <testcase classname="test.CustomerProfileTest" name="checkChangePasswordFail" time="7.358"/>
  <system-out/>
</testsuite> <!-- test.CustomerProfileTest -->
