<?xml version="1.0" encoding="UTF-8"?>
<!-- Generated by org.testng.reporters.JUnitReportReporter -->
<testsuite hostname="lucifer-Lenovo-E41-15" failures="0" tests="4" name="test.AdminLogInTest" time="20.785" errors="0" timestamp="2020-12-04T11:18:25 IST" skipped="0">
  <testcase classname="test.AdminLogInTest" name="LogInCheckFailed_03" time="4.870"/>
  <system-out/>
  <testcase classname="test.AdminLogInTest" name="LogInCheckPass_01" time="5.172"/>
  <system-out/>
  <testcase classname="test.AdminLogInTest" name="LogInCheckFailed_02" time="5.323"/>
  <system-out/>
  <testcase classname="test.AdminLogInTest" name="LogInCheckFailed_01" time="5.420"/>
  <system-out/>
</testsuite> <!-- test.AdminLogInTest -->
